# JRE version: Java(TM) SE Runtime Environment (8.0_162-b12) (build 1.8.0_162-b12)
# Java VM: Java HotSpot(TM) 64-Bit Server VM (25.162-b12 mixed mode bsd-amd64 compressed oops)
Heap:
 PSYoungGen      total 38400K, used 18831K [0x0000000795580000, 0x0000000798000000, 0x00000007c0000000)
  eden space 33280K, 56% used [0x0000000795580000,0x00000007967e3ef8,0x0000000797600000)
  from space 5120K, 0% used [0x0000000797600000,0x0000000797600000,0x0000000797b00000)
  to   space 5120K, 0% used [0x0000000797b00000,0x0000000797b00000,0x0000000798000000)
 ParOldGen       total 52736K, used 12621K [0x0000000740000000, 0x0000000743380000, 0x0000000795580000)
  object space 52736K, 23% used [0x0000000740000000,0x0000000740c53540,0x0000000743380000)
 Metaspace       used 22920K, capacity 24160K, committed 24448K, reserved 1071104K
  class space    used 3103K, capacity 3347K, committed 3456K, reserved 1048576K
GC Heap History (8 events):
Event: 2.314 GC heap before
{Heap before GC invocations=1 (full 0):
 PSYoungGen      total 38400K, used 33280K [0x0000000795580000, 0x0000000798000000, 0x00000007c0000000)
  eden space 33280K, 100% used [0x0000000795580000,0x0000000797600000,0x0000000797600000)
  from space 5120K, 0% used [0x0000000797b00000,0x0000000797b00000,0x0000000798000000)
  to   space 5120K, 0% used [0x0000000797600000,0x0000000797600000,0x0000000797b00000)
 ParOldGen       total 87552K, used 0K [0x0000000740000000, 0x0000000745580000, 0x0000000795580000)
  object space 87552K, 0% used [0x0000000740000000,0x0000000740000000,0x0000000745580000)
 Metaspace       used 11638K, capacity 12028K, committed 12288K, reserved 1060864K
  class space    used 1571K, capacity 1694K, committed 1792K, reserved 1048576K
Event: 2.328 GC heap after
Heap after GC invocations=1 (full 0):
 PSYoungGen      total 38400K, used 5089K [0x0000000795580000, 0x0000000798000000, 0x00000007c0000000)
  eden space 33280K, 0% used [0x0000000795580000,0x0000000795580000,0x0000000797600000)
  from space 5120K, 99% used [0x0000000797600000,0x0000000797af8400,0x0000000797b00000)
  to   space 5120K, 0% used [0x0000000797b00000,0x0000000797b00000,0x0000000798000000)
 ParOldGen       total 87552K, used 389K [0x0000000740000000, 0x0000000745580000, 0x0000000795580000)
  object space 87552K, 0% used [0x0000000740000000,0x0000000740061400,0x0000000745580000)
 Metaspace       used 11638K, capacity 12028K, committed 12288K, reserved 1060864K
  class space    used 1571K, capacity 1694K, committed 1792K, reserved 1048576K
}
Event: 8.516 GC heap before
{Heap before GC invocations=2 (full 0):
 PSYoungGen      total 38400K, used 38369K [0x0000000795580000, 0x0000000798000000, 0x00000007c0000000)
  eden space 33280K, 100% used [0x0000000795580000,0x0000000797600000,0x0000000797600000)
  from space 5120K, 99% used [0x0000000797600000,0x0000000797af8400,0x0000000797b00000)
  to   space 5120K, 0% used [0x0000000797b00000,0x0000000797b00000,0x0000000798000000)
 ParOldGen       total 87552K, used 389K [0x0000000740000000, 0x0000000745580000, 0x0000000795580000)
  object space 87552K, 0% used [0x0000000740000000,0x0000000740061400,0x0000000745580000)
 Metaspace       used 19439K, capacity 20178K, committed 20352K, reserved 1067008K
  class space    used 2660K, capacity 2860K, committed 2944K, reserved 1048576K
Event: 8.526 GC heap after
Heap after GC invocations=2 (full 0):
 PSYoungGen      total 38400K, used 5116K [0x0000000795580000, 0x0000000798000000, 0x00000007c0000000)
  eden space 33280K, 0% used [0x0000000795580000,0x0000000795580000,0x0000000797600000)
  from space 5120K, 99% used [0x0000000797b00000,0x0000000797fff138,0x0000000798000000)
  to   space 5120K, 0% used [0x0000000797600000,0x0000000797600000,0x0000000797b00000)
 ParOldGen       total 87552K, used 5639K [0x0000000740000000, 0x0000000745580000, 0x0000000795580000)
  object space 87552K, 6% used [0x0000000740000000,0x0000000740581fa8,0x0000000745580000)
 Metaspace       used 19439K, capacity 20178K, committed 20352K, reserved 1067008K
  class space    used 2660K, capacity 2860K, committed 2944K, reserved 1048576K
}
Event: 9.444 GC heap before
{Heap before GC invocations=3 (full 0):
 PSYoungGen      total 38400K, used 19900K [0x0000000795580000, 0x0000000798000000, 0x00000007c0000000)
  eden space 33280K, 44% used [0x0000000795580000,0x00000007963f01b0,0x0000000797600000)
  from space 5120K, 99% used [0x0000000797b00000,0x0000000797fff138,0x0000000798000000)
  to   space 5120K, 0% used [0x0000000797600000,0x0000000797600000,0x0000000797b00000)
 ParOldGen       total 87552K, used 5639K [0x0000000740000000, 0x0000000745580000, 0x0000000795580000)
  object space 87552K, 6% used [0x0000000740000000,0x0000000740581fa8,0x0000000745580000)
 Metaspace       used 20292K, capacity 21108K, committed 21248K, reserved 1067008K
  class space    used 2762K, capacity 2975K, committed 3072K, reserved 1048576K
Event: 9.450 GC heap after
Heap after GC invocations=3 (full 0):
 PSYoungGen      total 38400K, used 5089K [0x0000000795580000, 0x0000000798000000, 0x00000007c0000000)
  eden space 33280K, 0% used [0x0000000795580000,0x0000000795580000,0x0000000797600000)
  from space 5120K, 99% used [0x0000000797600000,0x0000000797af84a8,0x0000000797b00000)
  to   space 5120K, 0% used [0x0000000797b00000,0x0000000797b00000,0x0000000798000000)
 ParOldGen       total 87552K, used 9922K [0x0000000740000000, 0x0000000745580000, 0x0000000795580000)
  object space 87552K, 11% used [0x0000000740000000,0x00000007409b0b30,0x0000000745580000)
 Metaspace       used 20292K, capacity 21108K, committed 21248K, reserved 1067008K
  class space    used 2762K, capacity 2975K, committed 3072K, reserved 1048576K
}
Event: 9.450 GC heap before
{Heap before GC invocations=4 (full 1):
 PSYoungGen      total 38400K, used 5089K [0x0000000795580000, 0x0000000798000000, 0x00000007c0000000)
  eden space 33280K, 0% used [0x0000000795580000,0x0000000795580000,0x0000000797600000)
  from space 5120K, 99% used [0x0000000797600000,0x0000000797af84a8,0x0000000797b00000)
  to   space 5120K, 0% used [0x0000000797b00000,0x0000000797b00000,0x0000000798000000)
 ParOldGen       total 87552K, used 9922K [0x0000000740000000, 0x0000000745580000, 0x0000000795580000)
  object space 87552K, 11% used [0x0000000740000000,0x00000007409b0b30,0x0000000745580000)
 Metaspace       used 20292K, capacity 21108K, committed 21248K, reserved 1067008K
  class space    used 2762K, capacity 2975K, committed 3072K, reserved 1048576K
Event: 9.484 GC heap after
Heap after GC invocations=4 (full 1):
 PSYoungGen      total 38400K, used 0K [0x0000000795580000, 0x0000000798000000, 0x00000007c0000000)
  eden space 33280K, 0% used [0x0000000795580000,0x0000000795580000,0x0000000797600000)
  from space 5120K, 0% used [0x0000000797600000,0x0000000797600000,0x0000000797b00000)
  to   space 5120K, 0% used [0x0000000797b00000,0x0000000797b00000,0x0000000798000000)
 ParOldGen       total 52736K, used 12621K [0x0000000740000000, 0x0000000743380000, 0x0000000795580000)
  object space 52736K, 23% used [0x0000000740000000,0x0000000740c53540,0x0000000743380000)
 Metaspace       used 20292K, capacity 21108K, committed 21248K, reserved 1067008K
  class space    used 2762K, capacity 2975K, committed 3072K, reserved 1048576K
}

